\BOOKMARK [0][-]{chapter*.1}{\376\377\000A\000b\000s\000t\000r\000a\000c\000t}{}% 1
\BOOKMARK [0][-]{chapter*.2}{\376\377\000A\000c\000k\000n\000o\000w\000l\000e\000d\000g\000m\000e\000n\000t\000s}{}% 2
\BOOKMARK [0][-]{chapter*.3}{\376\377\000D\000e\000d\000i\000c\000a\000t\000i\000o\000n}{}% 3
\BOOKMARK [0][-]{chapter*.4}{\376\377\000C\000o\000n\000t\000e\000n\000t\000s}{}% 4
\BOOKMARK [0][-]{chapter*.5}{\376\377\000L\000i\000s\000t\000\040\000o\000f\000\040\000F\000i\000g\000u\000r\000e\000s}{}% 5
\BOOKMARK [0][-]{chapter*.6}{\376\377\000L\000i\000s\000t\000\040\000o\000f\000\040\000T\000a\000b\000l\000e\000s}{}% 6
\BOOKMARK [0][-]{chapter.1}{\376\377\0001\000\040\000I\000n\000t\000r\000o\000d\000u\000c\000t\000i\000o\000n}{}% 7
\BOOKMARK [1][-]{section.1.1}{\376\377\0001\000.\0001\000\040\000P\000r\000o\000b\000l\000e\000m\000\040\000S\000t\000a\000t\000e\000m\000e\000n\000t}{chapter.1}% 8
\BOOKMARK [2][-]{subsection.1.1.1}{\376\377\0001\000.\0001\000.\0001\000\040\000T\000h\000e\000\040\000O\000p\000e\000r\000a\000t\000i\000o\000n\000a\000l\000\040\000R\000e\000a\000l\000i\000t\000y}{section.1.1}% 9
\BOOKMARK [2][-]{subsection.1.1.2}{\376\377\0001\000.\0001\000.\0002\000\040\000S\000p\000e\000c\000i\000f\000i\000c\000\040\000P\000a\000i\000n\000\040\000P\000o\000i\000n\000t\000s}{section.1.1}% 10
\BOOKMARK [2][-]{subsection.1.1.3}{\376\377\0001\000.\0001\000.\0003\000\040\000T\000h\000e\000\040\000C\000o\000r\000e\000\040\000P\000r\000o\000b\000l\000e\000m\000\040\000F\000o\000r\000m\000a\000l\000l\000y\000\040\000S\000t\000a\000t\000e\000d}{section.1.1}% 11
\BOOKMARK [1][-]{section.1.2}{\376\377\0001\000.\0002\000\040\000M\000o\000t\000i\000v\000a\000t\000i\000o\000n}{chapter.1}% 12
\BOOKMARK [2][-]{subsection.1.2.1}{\376\377\0001\000.\0002\000.\0001\000\040\000W\000h\000y\000\040\000t\000h\000e\000\040\000C\000u\000r\000r\000e\000n\000t\000\040\000S\000o\000l\000u\000t\000i\000o\000n\000\040\000I\000s\000\040\000I\000n\000a\000d\000e\000q\000u\000a\000t\000e}{section.1.2}% 13
\BOOKMARK [2][-]{subsection.1.2.2}{\376\377\0001\000.\0002\000.\0002\000\040\000W\000h\000y\000\040\000N\000o\000t\000\040\000O\000f\000f\000-\000t\000h\000e\000-\000S\000h\000e\000l\000f\000\040\000S\000o\000l\000u\000t\000i\000o\000n\000s\000?}{section.1.2}% 14
\BOOKMARK [2][-]{subsection.1.2.3}{\376\377\0001\000.\0002\000.\0003\000\040\000T\000h\000e\000\040\000E\000n\000g\000i\000n\000e\000e\000r\000i\000n\000g\000\040\000M\000o\000t\000i\000v\000a\000t\000i\000o\000n}{section.1.2}% 15
\BOOKMARK [1][-]{section.1.3}{\376\377\0001\000.\0003\000\040\000P\000r\000o\000p\000o\000s\000e\000d\000\040\000S\000o\000l\000u\000t\000i\000o\000n}{chapter.1}% 16
\BOOKMARK [2][-]{subsection.1.3.1}{\376\377\0001\000.\0003\000.\0001\000\040\000S\000y\000s\000t\000e\000m\000\040\000O\000v\000e\000r\000v\000i\000e\000w}{section.1.3}% 17
\BOOKMARK [2][-]{subsection.1.3.2}{\376\377\0001\000.\0003\000.\0002\000\040\000H\000i\000g\000h\000-\000L\000e\000v\000e\000l\000\040\000A\000r\000c\000h\000i\000t\000e\000c\000t\000u\000r\000e}{section.1.3}% 18
\BOOKMARK [2][-]{subsection.1.3.3}{\376\377\0001\000.\0003\000.\0003\000\040\000P\000r\000e\000v\000i\000e\000w\000\040\000o\000f\000\040\000A\000r\000c\000h\000i\000t\000e\000c\000t\000u\000r\000a\000l\000\040\000D\000e\000c\000i\000s\000i\000o\000n\000s}{section.1.3}% 19
\BOOKMARK [2][-]{subsection.1.3.4}{\376\377\0001\000.\0003\000.\0004\000\040\000S\000t\000a\000k\000e\000h\000o\000l\000d\000e\000r\000\040\000O\000u\000t\000c\000o\000m\000e\000s}{section.1.3}% 20
\BOOKMARK [1][-]{section.1.4}{\376\377\0001\000.\0004\000\040\000P\000r\000o\000j\000e\000c\000t\000\040\000S\000c\000o\000p\000e}{chapter.1}% 21
\BOOKMARK [2][-]{subsection.1.4.1}{\376\377\0001\000.\0004\000.\0001\000\040\000I\000n\000\040\000S\000c\000o\000p\000e\000\040\000\050\000D\000e\000l\000i\000v\000e\000r\000e\000d\000\040\000C\000a\000p\000a\000b\000i\000l\000i\000t\000i\000e\000s\000\051}{section.1.4}% 22
\BOOKMARK [2][-]{subsection.1.4.2}{\376\377\0001\000.\0004\000.\0002\000\040\000O\000u\000t\000\040\000o\000f\000\040\000S\000c\000o\000p\000e\000\040\000\050\000E\000x\000p\000l\000i\000c\000i\000t\000\040\000E\000x\000c\000l\000u\000s\000i\000o\000n\000s\000\051}{section.1.4}% 23
\BOOKMARK [0][-]{chapter.2}{\376\377\0002\000\040\000P\000r\000o\000b\000l\000e\000m\000\040\000D\000e\000f\000i\000n\000i\000t\000i\000o\000n\000\040\000a\000n\000d\000\040\000R\000e\000q\000u\000i\000r\000e\000m\000e\000n\000t\000s\000\040\000E\000n\000g\000i\000n\000e\000e\000r\000i\000n\000g}{}% 24
\BOOKMARK [1][-]{section.2.1}{\376\377\0002\000.\0001\000\040\000S\000y\000s\000t\000e\000m\000\040\000S\000c\000o\000p\000e\000\040\000a\000n\000d\000\040\000L\000i\000m\000i\000t\000a\000t\000i\000o\000n\000s}{chapter.2}% 25
\BOOKMARK [1][-]{section.2.2}{\376\377\0002\000.\0002\000\040\000C\000u\000r\000r\000e\000n\000t\000\040\000S\000i\000t\000u\000a\000t\000i\000o\000n\000\040\000a\000n\000d\000\040\000S\000t\000a\000k\000e\000h\000o\000l\000d\000e\000r\000\040\000A\000n\000a\000l\000y\000s\000i\000s}{chapter.2}% 26
\BOOKMARK [2][-]{subsection.2.2.1}{\376\377\0002\000.\0002\000.\0001\000\040\000T\000h\000e\000\040\000P\000r\000e\000-\000S\000y\000s\000t\000e\000m\000\040\000W\000o\000r\000k\000f\000l\000o\000w}{section.2.2}% 27
\BOOKMARK [2][-]{subsection.2.2.2}{\376\377\0002\000.\0002\000.\0002\000\040\000S\000t\000a\000k\000e\000h\000o\000l\000d\000e\000r\000\040\000I\000d\000e\000n\000t\000i\000f\000i\000c\000a\000t\000i\000o\000n}{section.2.2}% 28
\BOOKMARK [2][-]{subsection.2.2.3}{\376\377\0002\000.\0002\000.\0003\000\040\000S\000t\000a\000k\000e\000h\000o\000l\000d\000e\000r\000\040\000P\000e\000r\000m\000i\000s\000s\000i\000o\000n\000\040\000B\000o\000u\000n\000d\000a\000r\000i\000e\000s}{section.2.2}% 29
\BOOKMARK [1][-]{section.2.3}{\376\377\0002\000.\0003\000\040\000P\000r\000o\000p\000o\000s\000e\000d\000\040\000M\000e\000t\000h\000o\000d\000o\000l\000o\000g\000y}{chapter.2}% 30
\BOOKMARK [2][-]{subsection.2.3.1}{\376\377\0002\000.\0003\000.\0001\000\040\000W\000h\000y\000\040\000A\000g\000i\000l\000e\000?}{section.2.3}% 31
\BOOKMARK [1][-]{section.2.4}{\376\377\0002\000.\0004\000\040\000F\000u\000n\000c\000t\000i\000o\000n\000a\000l\000\040\000R\000e\000q\000u\000i\000r\000e\000m\000e\000n\000t\000s}{chapter.2}% 32
\BOOKMARK [2][-]{subsection.2.4.1}{\376\377\0002\000.\0004\000.\0001\000\040\000A\000u\000t\000h\000e\000n\000t\000i\000c\000a\000t\000i\000o\000n\000\040\000a\000n\000d\000\040\000U\000s\000e\000r\000\040\000M\000a\000n\000a\000g\000e\000m\000e\000n\000t}{section.2.4}% 33
\BOOKMARK [2][-]{subsection.2.4.2}{\376\377\0002\000.\0004\000.\0002\000\040\000S\000t\000u\000d\000e\000n\000t\000\040\000A\000f\000f\000a\000i\000r\000s\000\040\000O\000p\000e\000r\000a\000t\000i\000o\000n\000s}{section.2.4}% 34
\BOOKMARK [2][-]{subsection.2.4.3}{\376\377\0002\000.\0004\000.\0003\000\040\000S\000t\000a\000f\000f\000\040\000A\000f\000f\000a\000i\000r\000s\000\040\000a\000n\000d\000\040\000D\000o\000c\000t\000o\000r\000\040\000O\000p\000e\000r\000a\000t\000i\000o\000n\000s}{section.2.4}% 35
\BOOKMARK [1][-]{section.2.5}{\376\377\0002\000.\0005\000\040\000N\000o\000n\000-\000F\000u\000n\000c\000t\000i\000o\000n\000a\000l\000\040\000R\000e\000q\000u\000i\000r\000e\000m\000e\000n\000t\000s}{chapter.2}% 36
\BOOKMARK [1][-]{section.2.6}{\376\377\0002\000.\0006\000\040\000U\000s\000e\000\040\000C\000a\000s\000e\000\040\000D\000e\000f\000i\000n\000i\000t\000i\000o\000n\000s}{chapter.2}% 37
\BOOKMARK [2][-]{subsection.2.6.1}{\376\377\0002\000.\0006\000.\0001\000\040\000D\000e\000t\000a\000i\000l\000e\000d\000\040\000U\000s\000e\000\040\000C\000a\000s\000e\000:\000\040\000B\000a\000t\000c\000h\000\040\000S\000t\000u\000d\000e\000n\000t\000\040\000U\000p\000l\000o\000a\000d}{section.2.6}% 38
\BOOKMARK [2][-]{subsection.2.6.2}{\376\377\0002\000.\0006\000.\0002\000\040\000D\000e\000t\000a\000i\000l\000e\000d\000\040\000U\000s\000e\000\040\000C\000a\000s\000e\000:\000\040\000D\000o\000c\000t\000o\000r\000\040\000D\000e\000l\000e\000t\000i\000o\000n\000\040\000A\000p\000p\000r\000o\000v\000a\000l\000\040\000W\000o\000r\000k\000f\000l\000o\000w}{section.2.6}% 39
\BOOKMARK [2][-]{subsection.2.6.3}{\376\377\0002\000.\0006\000.\0003\000\040\000D\000e\000t\000a\000i\000l\000e\000d\000\040\000U\000s\000e\000\040\000C\000a\000s\000e\000:\000\040\000Q\000u\000i\000z\000\040\000L\000i\000f\000e\000c\000y\000c\000l\000e}{section.2.6}% 40
\BOOKMARK [0][-]{chapter.3}{\376\377\0003\000\040\000S\000y\000s\000t\000e\000m\000\040\000a\000n\000d\000\040\000A\000r\000c\000h\000i\000t\000e\000c\000t\000u\000r\000e\000\040\000D\000e\000s\000i\000g\000n}{}% 41
\BOOKMARK [1][-]{section.3.1}{\376\377\0003\000.\0001\000\040\000A\000r\000c\000h\000i\000t\000e\000c\000t\000u\000r\000e\000\040\000O\000v\000e\000r\000v\000i\000e\000w}{chapter.3}% 42
\BOOKMARK [2][-]{subsection.3.1.1}{\376\377\0003\000.\0001\000.\0001\000\040\000H\000i\000g\000h\000-\000L\000e\000v\000e\000l\000\040\000A\000r\000c\000h\000i\000t\000e\000c\000t\000u\000r\000e}{section.3.1}% 43
\BOOKMARK [2][-]{subsection.3.1.2}{\376\377\0003\000.\0001\000.\0002\000\040\000A\000r\000c\000h\000i\000t\000e\000c\000t\000u\000r\000a\000l\000\040\000T\000r\000a\000d\000e\000-\000o\000f\000f\000s\000\040\000a\000n\000d\000\040\000J\000u\000s\000t\000i\000f\000i\000c\000a\000t\000i\000o\000n\000s}{section.3.1}% 44
\BOOKMARK [2][-]{subsection.3.1.3}{\376\377\0003\000.\0001\000.\0003\000\040\000C\000l\000o\000u\000d\000\040\000D\000e\000p\000l\000o\000y\000m\000e\000n\000t\000\040\000T\000o\000p\000o\000l\000o\000g\000y\000\040\000\050\000A\000W\000S\000\051}{section.3.1}% 45
\BOOKMARK [1][-]{section.3.2}{\376\377\0003\000.\0002\000\040\000S\000y\000s\000t\000e\000m\000\040\000M\000o\000d\000e\000l\000i\000n\000g\000\040\000\050\000U\000M\000L\000\051}{chapter.3}% 46
\BOOKMARK [2][-]{subsection.3.2.1}{\376\377\0003\000.\0002\000.\0001\000\040\000S\000e\000q\000u\000e\000n\000c\000e\000\040\000D\000i\000a\000g\000r\000a\000m\000:\000\040\000A\000u\000t\000h\000e\000n\000t\000i\000c\000a\000t\000i\000o\000n\000\040\000a\000n\000d\000\040\000C\000S\000R\000F\000\040\000H\000a\000n\000d\000s\000h\000a\000k\000e}{section.3.2}% 47
\BOOKMARK [2][-]{subsection.3.2.2}{\376\377\0003\000.\0002\000.\0002\000\040\000A\000c\000t\000i\000v\000i\000t\000y\000\040\000D\000i\000a\000g\000r\000a\000m\000:\000\040\000F\000a\000u\000l\000t\000-\000T\000o\000l\000e\000r\000a\000n\000t\000\040\000B\000a\000t\000c\000h\000\040\000O\000p\000e\000r\000a\000t\000i\000o\000n\000s}{section.3.2}% 48
\BOOKMARK [2][-]{subsection.3.2.3}{\376\377\0003\000.\0002\000.\0003\000\040\000S\000t\000a\000t\000e\000\040\000M\000a\000c\000h\000i\000n\000e\000:\000\040\000Q\000u\000i\000z\000\040\000L\000i\000f\000e\000c\000y\000c\000l\000e}{section.3.2}% 49
\BOOKMARK [1][-]{section.3.3}{\376\377\0003\000.\0003\000\040\000D\000a\000t\000a\000b\000a\000s\000e\000\040\000D\000e\000s\000i\000g\000n}{chapter.3}% 50
\BOOKMARK [2][-]{subsection.3.3.1}{\376\377\0003\000.\0003\000.\0001\000\040\000E\000n\000t\000i\000t\000y\000-\000R\000e\000l\000a\000t\000i\000o\000n\000s\000h\000i\000p\000\040\000O\000v\000e\000r\000v\000i\000e\000w}{section.3.3}% 51
\BOOKMARK [2][-]{subsection.3.3.2}{\376\377\0003\000.\0003\000.\0002\000\040\000T\000h\000e\000\040\000C\000o\000u\000r\000s\000e\000O\000f\000f\000e\000r\000i\000n\000g\000\040\000P\000i\000v\000o\000t\000\040\000E\000n\000t\000i\000t\000y}{section.3.3}% 52
\BOOKMARK [2][-]{subsection.3.3.3}{\376\377\0003\000.\0003\000.\0003\000\040\000D\000u\000a\000l\000\040\000I\000d\000e\000n\000t\000i\000t\000y\000:\000\040\000U\000s\000e\000r\000\040\000v\000s\000.\000\040\000S\000t\000u\000d\000e\000n\000t}{section.3.3}% 53
\BOOKMARK [2][-]{subsection.3.3.4}{\376\377\0003\000.\0003\000.\0004\000\040\000A\000s\000s\000e\000s\000s\000m\000e\000n\000t\000\040\000S\000c\000h\000e\000m\000a\000\040\000D\000e\000s\000i\000g\000n}{section.3.3}% 54
\BOOKMARK [2][-]{subsection.3.3.5}{\376\377\0003\000.\0003\000.\0005\000\040\000N\000o\000r\000m\000a\000l\000i\000z\000a\000t\000i\000o\000n\000\040\000a\000n\000d\000\040\000D\000a\000t\000a\000b\000a\000s\000e\000\040\000I\000n\000t\000e\000g\000r\000i\000t\000y}{section.3.3}% 55
\BOOKMARK [1][-]{section.3.4}{\376\377\0003\000.\0004\000\040\000B\000a\000c\000k\000e\000n\000d\000\040\000D\000e\000s\000i\000g\000n}{chapter.3}% 56
\BOOKMARK [2][-]{subsection.3.4.1}{\376\377\0003\000.\0004\000.\0001\000\040\000A\000p\000p\000l\000i\000c\000a\000t\000i\000o\000n\000\040\000S\000t\000r\000u\000c\000t\000u\000r\000e\000\040\000a\000n\000d\000\040\000N\000a\000m\000e\000s\000p\000a\000c\000e}{section.3.4}% 57
\BOOKMARK [2][-]{subsection.3.4.2}{\376\377\0003\000.\0004\000.\0002\000\040\000M\000i\000d\000d\000l\000e\000w\000a\000r\000e\000\040\000P\000i\000p\000e\000l\000i\000n\000e}{section.3.4}% 58
\BOOKMARK [2][-]{subsection.3.4.3}{\376\377\0003\000.\0004\000.\0003\000\040\000D\000e\000f\000e\000n\000s\000e\000\040\000i\000n\000\040\000D\000e\000p\000t\000h\000:\000\040\000T\000h\000r\000e\000e\000-\000T\000i\000e\000r\000\040\000A\000u\000t\000h\000o\000r\000i\000z\000a\000t\000i\000o\000n}{section.3.4}% 59
\BOOKMARK [2][-]{subsection.3.4.4}{\376\377\0003\000.\0004\000.\0004\000\040\000I\000m\000m\000u\000t\000a\000b\000l\000e\000\040\000A\000u\000d\000i\000t\000\040\000L\000o\000g\000g\000i\000n\000g}{section.3.4}% 60
\BOOKMARK [1][-]{section.3.5}{\376\377\0003\000.\0005\000\040\000F\000r\000o\000n\000t\000e\000n\000d\000\040\000a\000n\000d\000\040\000U\000I\000/\000U\000X\000\040\000D\000e\000s\000i\000g\000n}{chapter.3}% 61
\BOOKMARK [2][-]{subsection.3.5.1}{\376\377\0003\000.\0005\000.\0001\000\040\000S\000t\000a\000t\000e\000\040\000M\000a\000n\000a\000g\000e\000m\000e\000n\000t\000\040\000a\000n\000d\000\040\000A\000r\000c\000h\000i\000t\000e\000c\000t\000u\000r\000e}{section.3.5}% 62
\BOOKMARK [2][-]{subsection.3.5.2}{\376\377\0003\000.\0005\000.\0002\000\040\000R\000o\000u\000t\000e\000\040\000P\000r\000o\000t\000e\000c\000t\000i\000o\000n}{section.3.5}% 63
\BOOKMARK [2][-]{subsection.3.5.3}{\376\377\0003\000.\0005\000.\0003\000\040\000R\000T\000L\000-\000F\000i\000r\000s\000t\000\040\000I\000n\000t\000e\000r\000f\000a\000c\000e\000\040\000a\000n\000d\000\040\000T\000h\000e\000m\000i\000n\000g}{section.3.5}% 64
\BOOKMARK [2][-]{subsection.3.5.4}{\376\377\0003\000.\0005\000.\0004\000\040\000B\000u\000i\000l\000d\000\040\000O\000p\000t\000i\000m\000i\000z\000a\000t\000i\000o\000n\000\040\000a\000n\000d\000\040\000D\000e\000p\000l\000o\000y\000m\000e\000n\000t}{section.3.5}% 65
\BOOKMARK [2][-]{subsection.3.5.5}{\376\377\0003\000.\0005\000.\0005\000\040\000R\000e\000v\000e\000r\000s\000e\000\040\000P\000r\000o\000x\000y\000\040\000E\000n\000g\000i\000n\000e\000e\000r\000i\000n\000g}{section.3.5}% 66
\BOOKMARK [0][-]{chapter.4}{\376\377\0004\000\040\000S\000e\000c\000u\000r\000i\000t\000y\000\040\000D\000e\000s\000i\000g\000n}{}% 67
\BOOKMARK [1][-]{section.4.1}{\376\377\0004\000.\0001\000\040\000A\000u\000t\000h\000e\000n\000t\000i\000c\000a\000t\000i\000o\000n\000\040\000a\000n\000d\000\040\000S\000e\000s\000s\000i\000o\000n\000\040\000M\000a\000n\000a\000g\000e\000m\000e\000n\000t}{chapter.4}% 68
\BOOKMARK [2][-]{subsection.4.1.1}{\376\377\0004\000.\0001\000.\0001\000\040\000W\000h\000y\000\040\000S\000e\000s\000s\000i\000o\000n\000-\000B\000a\000s\000e\000d\000\040\000A\000u\000t\000h\000e\000n\000t\000i\000c\000a\000t\000i\000o\000n\000\040\000O\000v\000e\000r\000\040\000J\000W\000T}{section.4.1}% 69
\BOOKMARK [2][-]{subsection.4.1.2}{\376\377\0004\000.\0001\000.\0002\000\040\000C\000r\000o\000s\000s\000-\000O\000r\000i\000g\000i\000n\000\040\000S\000e\000s\000s\000i\000o\000n\000\040\000C\000o\000n\000f\000i\000g\000u\000r\000a\000t\000i\000o\000n}{section.4.1}% 70
\BOOKMARK [2][-]{subsection.4.1.3}{\376\377\0004\000.\0001\000.\0003\000\040\000L\000o\000g\000i\000n\000\040\000a\000n\000d\000\040\000L\000o\000g\000o\000u\000t\000\040\000F\000l\000o\000w\000s}{section.4.1}% 71
\BOOKMARK [2][-]{subsection.4.1.4}{\376\377\0004\000.\0001\000.\0004\000\040\000S\000e\000s\000s\000i\000o\000n\000\040\000S\000t\000o\000r\000a\000g\000e\000\040\000S\000e\000c\000u\000r\000i\000t\000y\000\040\000\050\000R\000e\000d\000i\000s\000\051}{section.4.1}% 72
\BOOKMARK [1][-]{section.4.2}{\376\377\0004\000.\0002\000\040\000R\000o\000l\000e\000-\000B\000a\000s\000e\000d\000\040\000A\000u\000t\000h\000o\000r\000i\000z\000a\000t\000i\000o\000n\000\040\000\050\000R\000B\000A\000C\000\051}{chapter.4}% 73
\BOOKMARK [2][-]{subsection.4.2.1}{\376\377\0004\000.\0002\000.\0001\000\040\000T\000h\000e\000\040\000R\000o\000l\000e\000\040\000M\000o\000d\000e\000l\000\040\000a\000n\000d\000\040\000P\000e\000r\000m\000i\000s\000s\000i\000o\000n\000\040\000C\000l\000a\000s\000s\000e\000s}{section.4.2}% 74
\BOOKMARK [2][-]{subsection.4.2.2}{\376\377\0004\000.\0002\000.\0002\000\040\000F\000r\000o\000n\000t\000e\000n\000d\000\040\000R\000o\000u\000t\000e\000\040\000P\000r\000o\000t\000e\000c\000t\000i\000o\000n\000\040\000v\000s\000.\000\040\000B\000a\000c\000k\000e\000n\000d\000\040\000E\000n\000f\000o\000r\000c\000e\000m\000e\000n\000t}{section.4.2}% 75
\BOOKMARK [1][-]{section.4.3}{\376\377\0004\000.\0003\000\040\000P\000a\000s\000s\000w\000o\000r\000d\000\040\000S\000e\000c\000u\000r\000i\000t\000y}{chapter.4}% 76
\BOOKMARK [2][-]{subsection.4.3.1}{\376\377\0004\000.\0003\000.\0001\000\040\000H\000a\000s\000h\000i\000n\000g\000\040\000a\000n\000d\000\040\000V\000a\000l\000i\000d\000a\000t\000i\000o\000n}{section.4.3}% 77
\BOOKMARK [2][-]{subsection.4.3.2}{\376\377\0004\000.\0003\000.\0002\000\040\000T\000h\000e\000\040\000N\000a\000t\000i\000o\000n\000a\000l\000\040\000I\000D\000\040\000F\000i\000r\000s\000t\000-\000L\000o\000g\000i\000n\000\040\000P\000a\000t\000t\000e\000r\000n}{section.4.3}% 78
\BOOKMARK [1][-]{section.4.4}{\376\377\0004\000.\0004\000\040\000C\000S\000R\000F\000\040\000a\000n\000d\000\040\000X\000S\000S\000\040\000P\000r\000o\000t\000e\000c\000t\000i\000o\000n}{chapter.4}% 79
\BOOKMARK [2][-]{subsection.4.4.1}{\376\377\0004\000.\0004\000.\0001\000\040\000T\000h\000e\000\040\000C\000r\000o\000s\000s\000-\000O\000r\000i\000g\000i\000n\000\040\000C\000S\000R\000F\000\040\000C\000h\000a\000l\000l\000e\000n\000g\000e}{section.4.4}% 80
\BOOKMARK [2][-]{subsection.4.4.2}{\376\377\0004\000.\0004\000.\0002\000\040\000C\000o\000m\000p\000e\000n\000s\000a\000t\000i\000n\000g\000\040\000C\000o\000n\000t\000r\000o\000l\000s\000\040\000f\000o\000r\000\040\000C\000S\000R\000F\000\040\000E\000x\000e\000m\000p\000t\000i\000o\000n}{section.4.4}% 81
\BOOKMARK [2][-]{subsection.4.4.3}{\376\377\0004\000.\0004\000.\0003\000\040\000X\000S\000S\000\040\000P\000r\000e\000v\000e\000n\000t\000i\000o\000n}{section.4.4}% 82
\BOOKMARK [1][-]{section.4.5}{\376\377\0004\000.\0005\000\040\000R\000a\000t\000e\000\040\000L\000i\000m\000i\000t\000i\000n\000g\000\040\000a\000n\000d\000\040\000I\000n\000p\000u\000t\000\040\000V\000a\000l\000i\000d\000a\000t\000i\000o\000n}{chapter.4}% 83
\BOOKMARK [2][-]{subsection.4.5.1}{\376\377\0004\000.\0005\000.\0001\000\040\000T\000w\000o\000-\000T\000i\000e\000r\000\040\000A\000P\000I\000\040\000T\000h\000r\000o\000t\000t\000l\000i\000n\000g}{section.4.5}% 84
\BOOKMARK [2][-]{subsection.4.5.2}{\376\377\0004\000.\0005\000.\0002\000\040\000D\000e\000f\000e\000n\000s\000e\000-\000i\000n\000-\000D\000e\000p\000t\000h\000\040\000V\000a\000l\000i\000d\000a\000t\000i\000o\000n}{section.4.5}% 85
\BOOKMARK [1][-]{section.4.6}{\376\377\0004\000.\0006\000\040\000I\000n\000f\000r\000a\000s\000t\000r\000u\000c\000t\000u\000r\000e\000-\000L\000e\000v\000e\000l\000\040\000S\000e\000c\000u\000r\000i\000t\000y}{chapter.4}% 86
\BOOKMARK [2][-]{subsection.4.6.1}{\376\377\0004\000.\0006\000.\0001\000\040\000C\000o\000n\000t\000a\000i\000n\000e\000r\000\040\000I\000s\000o\000l\000a\000t\000i\000o\000n\000\040\000S\000t\000r\000a\000t\000e\000g\000y}{section.4.6}% 87
\BOOKMARK [2][-]{subsection.4.6.2}{\376\377\0004\000.\0006\000.\0002\000\040\000C\000I\000/\000C\000D\000\040\000V\000u\000l\000n\000e\000r\000a\000b\000i\000l\000i\000t\000y\000\040\000S\000c\000a\000n\000n\000i\000n\000g}{section.4.6}% 88
\BOOKMARK [1][-]{section.4.7}{\376\377\0004\000.\0007\000\040\000A\000u\000d\000i\000t\000\040\000T\000r\000a\000i\000l\000\040\000A\000r\000c\000h\000i\000t\000e\000c\000t\000u\000r\000e}{chapter.4}% 89
\BOOKMARK [0][-]{chapter.5}{\376\377\0005\000\040\000D\000e\000v\000O\000p\000s\000\040\000a\000n\000d\000\040\000D\000e\000p\000l\000o\000y\000m\000e\000n\000t}{}% 90
\BOOKMARK [1][-]{section.5.1}{\376\377\0005\000.\0001\000\040\000M\000u\000l\000t\000i\000-\000S\000t\000a\000g\000e\000\040\000C\000o\000n\000t\000a\000i\000n\000e\000r\000i\000z\000a\000t\000i\000o\000n}{chapter.5}% 91
\BOOKMARK [2][-]{subsection.5.1.1}{\376\377\0005\000.\0001\000.\0001\000\040\000T\000h\000e\000\040\000B\000u\000i\000l\000d\000e\000r\000\040\000P\000a\000t\000t\000e\000r\000n\000:\000\040\000B\000a\000c\000k\000e\000n\000d\000\040\000D\000o\000c\000k\000e\000r\000f\000i\000l\000e}{section.5.1}% 92
\BOOKMARK [2][-]{subsection.5.1.2}{\376\377\0005\000.\0001\000.\0002\000\040\000S\000t\000a\000t\000i\000c\000\040\000S\000i\000t\000e\000\040\000G\000e\000n\000e\000r\000a\000t\000i\000o\000n\000:\000\040\000F\000r\000o\000n\000t\000e\000n\000d\000\040\000D\000o\000c\000k\000e\000r\000f\000i\000l\000e}{section.5.1}% 93
\BOOKMARK [2][-]{subsection.5.1.3}{\376\377\0005\000.\0001\000.\0003\000\040\000D\000o\000c\000k\000e\000r\000\040\000B\000u\000i\000l\000d\000x\000\040\000B\000a\000k\000e\000\040\000f\000o\000r\000\040\000C\000a\000c\000h\000e\000\040\000O\000p\000t\000i\000m\000i\000z\000a\000t\000i\000o\000n}{section.5.1}% 94
\BOOKMARK [2][-]{subsection.5.1.4}{\376\377\0005\000.\0001\000.\0004\000\040\000M\000a\000n\000u\000a\000l\000\040\000B\000u\000i\000l\000d\000\040\000a\000n\000d\000\040\000D\000e\000p\000l\000o\000y\000m\000e\000n\000t\000\040\000W\000o\000r\000k\000f\000l\000o\000w}{section.5.1}% 95
\BOOKMARK [1][-]{section.5.2}{\376\377\0005\000.\0002\000\040\000P\000r\000o\000d\000u\000c\000t\000i\000o\000n\000\040\000D\000o\000c\000k\000e\000r\000\040\000C\000o\000m\000p\000o\000s\000e}{chapter.5}% 96
\BOOKMARK [2][-]{subsection.5.2.1}{\376\377\0005\000.\0002\000.\0001\000\040\000H\000e\000a\000l\000t\000h\000-\000C\000h\000e\000c\000k\000\040\000D\000r\000i\000v\000e\000n\000\040\000O\000r\000c\000h\000e\000s\000t\000r\000a\000t\000i\000o\000n}{section.5.2}% 97
\BOOKMARK [2][-]{subsection.5.2.2}{\376\377\0005\000.\0002\000.\0002\000\040\000E\000n\000v\000i\000r\000o\000n\000m\000e\000n\000t\000\040\000C\000o\000n\000f\000i\000g\000u\000r\000a\000t\000i\000o\000n\000\040\000M\000a\000n\000a\000g\000e\000m\000e\000n\000t}{section.5.2}% 98
\BOOKMARK [2][-]{subsection.5.2.3}{\376\377\0005\000.\0002\000.\0003\000\040\000R\000e\000d\000i\000s\000\040\000S\000e\000s\000s\000i\000o\000n\000\040\000a\000n\000d\000\040\000C\000a\000c\000h\000e\000\040\000S\000t\000o\000r\000a\000g\000e}{section.5.2}% 99
\BOOKMARK [1][-]{section.5.3}{\376\377\0005\000.\0003\000\040\000A\000p\000p\000l\000i\000c\000a\000t\000i\000o\000n\000\040\000S\000t\000a\000r\000t\000u\000p\000\040\000O\000r\000c\000h\000e\000s\000t\000r\000a\000t\000i\000o\000n}{chapter.5}% 100
\BOOKMARK [2][-]{subsection.5.3.1}{\376\377\0005\000.\0003\000.\0001\000\040\000E\000n\000t\000r\000y\000p\000o\000i\000n\000t\000\040\000S\000c\000r\000i\000p\000t\000\040\000a\000s\000\040\000I\000n\000i\000t\000\040\000S\000y\000s\000t\000e\000m}{section.5.3}% 101
\BOOKMARK [2][-]{subsection.5.3.2}{\376\377\0005\000.\0003\000.\0002\000\040\000H\000e\000a\000l\000t\000h\000\040\000C\000h\000e\000c\000k\000\040\000E\000n\000d\000p\000o\000i\000n\000t}{section.5.3}% 102
\BOOKMARK [1][-]{section.5.4}{\376\377\0005\000.\0004\000\040\000M\000o\000n\000i\000t\000o\000r\000i\000n\000g\000\040\000a\000n\000d\000\040\000O\000b\000s\000e\000r\000v\000a\000b\000i\000l\000i\000t\000y}{chapter.5}% 103
\BOOKMARK [2][-]{subsection.5.4.1}{\376\377\0005\000.\0004\000.\0001\000\040\000M\000e\000t\000r\000i\000c\000s\000\040\000C\000o\000l\000l\000e\000c\000t\000i\000o\000n\000\040\000A\000r\000c\000h\000i\000t\000e\000c\000t\000u\000r\000e}{section.5.4}% 104
\BOOKMARK [2][-]{subsection.5.4.2}{\376\377\0005\000.\0004\000.\0002\000\040\000V\000i\000s\000u\000a\000l\000i\000z\000a\000t\000i\000o\000n\000\040\000w\000i\000t\000h\000\040\000G\000r\000a\000f\000a\000n\000a}{section.5.4}% 105
\BOOKMARK [2][-]{subsection.5.4.3}{\376\377\0005\000.\0004\000.\0003\000\040\000A\000l\000e\000r\000t\000i\000n\000g\000\040\000C\000o\000n\000f\000i\000g\000u\000r\000a\000t\000i\000o\000n}{section.5.4}% 106
\BOOKMARK [2][-]{subsection.5.4.4}{\376\377\0005\000.\0004\000.\0004\000\040\000A\000W\000S\000\040\000C\000l\000o\000u\000d\000W\000a\000t\000c\000h\000\040\000I\000n\000t\000e\000g\000r\000a\000t\000i\000o\000n}{section.5.4}% 107
\BOOKMARK [2][-]{subsection.5.4.5}{\376\377\0005\000.\0004\000.\0005\000\040\000S\000t\000a\000r\000t\000i\000n\000g\000\040\000t\000h\000e\000\040\000M\000o\000n\000i\000t\000o\000r\000i\000n\000g\000\040\000S\000t\000a\000c\000k}{section.5.4}% 108
\BOOKMARK [1][-]{section.5.5}{\376\377\0005\000.\0005\000\040\000I\000n\000f\000r\000a\000s\000t\000r\000u\000c\000t\000u\000r\000e\000\040\000a\000s\000\040\000C\000o\000d\000e\000\040\000\050\000I\000a\000C\000\051}{chapter.5}% 109
\BOOKMARK [2][-]{subsection.5.5.1}{\376\377\0005\000.\0005\000.\0001\000\040\000A\000W\000S\000\040\000E\000C\000S\000\040\000F\000a\000r\000g\000a\000t\000e\000\040\000D\000e\000p\000l\000o\000y\000m\000e\000n\000t}{section.5.5}% 110
\BOOKMARK [2][-]{subsection.5.5.2}{\376\377\0005\000.\0005\000.\0002\000\040\000A\000z\000u\000r\000e\000\040\000C\000o\000n\000t\000a\000i\000n\000e\000r\000\040\000A\000p\000p\000s\000\040\000D\000e\000p\000l\000o\000y\000m\000e\000n\000t}{section.5.5}% 111
\BOOKMARK [2][-]{subsection.5.5.3}{\376\377\0005\000.\0005\000.\0003\000\040\000C\000l\000o\000u\000d\000\040\000C\000o\000s\000t\000\040\000C\000o\000m\000p\000a\000r\000i\000s\000o\000n}{section.5.5}% 112
\BOOKMARK [1][-]{section.5.6}{\376\377\0005\000.\0006\000\040\000R\000e\000v\000e\000r\000s\000e\000\040\000P\000r\000o\000x\000y\000\040\000A\000r\000c\000h\000i\000t\000e\000c\000t\000u\000r\000e}{chapter.5}% 113
\BOOKMARK [2][-]{subsection.5.6.1}{\376\377\0005\000.\0006\000.\0001\000\040\000N\000g\000i\000n\000x\000\040\000a\000s\000\040\000P\000r\000o\000d\000u\000c\000t\000i\000o\000n\000\040\000S\000e\000r\000v\000e\000r}{section.5.6}% 114
\BOOKMARK [1][-]{section.5.7}{\376\377\0005\000.\0007\000\040\000E\000n\000h\000a\000n\000c\000e\000m\000e\000n\000t\000s\000\040\000a\000n\000d\000\040\000R\000e\000c\000o\000m\000m\000e\000n\000d\000a\000t\000i\000o\000n\000s}{chapter.5}% 115
\BOOKMARK [2][-]{subsection.5.7.1}{\376\377\0005\000.\0007\000.\0001\000\040\000P\000r\000o\000d\000u\000c\000t\000i\000o\000n\000\040\000H\000a\000r\000d\000e\000n\000i\000n\000g\000\040\000C\000h\000e\000c\000k\000l\000i\000s\000t}{section.5.7}% 116
\BOOKMARK [2][-]{subsection.5.7.2}{\376\377\0005\000.\0007\000.\0002\000\040\000S\000c\000a\000l\000i\000n\000g\000\040\000P\000a\000t\000h\000w\000a\000y\000s}{section.5.7}% 117
\BOOKMARK [0][-]{chapter.6}{\376\377\0006\000\040\000T\000e\000s\000t\000i\000n\000g\000\040\000a\000n\000d\000\040\000Q\000u\000a\000l\000i\000t\000y\000\040\000A\000s\000s\000u\000r\000a\000n\000c\000e}{}% 118
\BOOKMARK [1][-]{section.6.1}{\376\377\0006\000.\0001\000\040\000T\000e\000s\000t\000i\000n\000g\000\040\000S\000t\000r\000a\000t\000e\000g\000y\000\040\000O\000v\000e\000r\000v\000i\000e\000w}{chapter.6}% 119
\BOOKMARK [2][-]{subsection.6.1.1}{\376\377\0006\000.\0001\000.\0001\000\040\000T\000e\000s\000t\000i\000n\000g\000\040\000L\000a\000y\000e\000r\000s}{section.6.1}% 120
\BOOKMARK [2][-]{subsection.6.1.2}{\376\377\0006\000.\0001\000.\0002\000\040\000T\000e\000s\000t\000i\000n\000g\000\040\000T\000o\000o\000l\000s\000\040\000S\000u\000m\000m\000a\000r\000y}{section.6.1}% 121
\BOOKMARK [1][-]{section.6.2}{\376\377\0006\000.\0002\000\040\000L\000a\000y\000e\000r\000\040\0001\000:\000\040\000M\000o\000d\000e\000l\000\040\000a\000n\000d\000\040\000B\000u\000s\000i\000n\000e\000s\000s\000\040\000L\000o\000g\000i\000c\000\040\000V\000a\000l\000i\000d\000a\000t\000i\000o\000n}{chapter.6}% 122
\BOOKMARK [2][-]{subsection.6.2.1}{\376\377\0006\000.\0002\000.\0001\000\040\000D\000a\000t\000a\000b\000a\000s\000e\000-\000L\000e\000v\000e\000l\000\040\000C\000o\000n\000s\000t\000r\000a\000i\000n\000t\000s}{section.6.2}% 123
\BOOKMARK [1][-]{section.6.3}{\376\377\0006\000.\0003\000\040\000L\000a\000y\000e\000r\000\040\0002\000:\000\040\000I\000n\000t\000e\000g\000r\000a\000t\000i\000o\000n\000\040\000T\000e\000s\000t\000i\000n\000g}{chapter.6}% 124
\BOOKMARK [2][-]{subsection.6.3.1}{\376\377\0006\000.\0003\000.\0001\000\040\000G\000r\000a\000d\000e\000\040\000C\000a\000l\000c\000u\000l\000a\000t\000i\000o\000n\000\040\000V\000e\000r\000i\000f\000i\000c\000a\000t\000i\000o\000n}{section.6.3}% 125
\BOOKMARK [2][-]{subsection.6.3.2}{\376\377\0006\000.\0003\000.\0002\000\040\000T\000r\000a\000n\000s\000a\000c\000t\000i\000o\000n\000\040\000I\000n\000t\000e\000g\000r\000i\000t\000y\000\040\000T\000e\000s\000t\000i\000n\000g}{section.6.3}% 126
\BOOKMARK [1][-]{section.6.4}{\376\377\0006\000.\0004\000\040\000L\000a\000y\000e\000r\000\040\0003\000:\000\040\000S\000e\000c\000u\000r\000i\000t\000y\000\040\000T\000e\000s\000t\000i\000n\000g}{chapter.6}% 127
\BOOKMARK [2][-]{subsection.6.4.1}{\376\377\0006\000.\0004\000.\0001\000\040\000C\000o\000n\000t\000a\000i\000n\000e\000r\000\040\000V\000u\000l\000n\000e\000r\000a\000b\000i\000l\000i\000t\000y\000\040\000S\000c\000a\000n\000n\000i\000n\000g}{section.6.4}% 128
\BOOKMARK [2][-]{subsection.6.4.2}{\376\377\0006\000.\0004\000.\0002\000\040\000R\000B\000A\000C\000\040\000B\000o\000u\000n\000d\000a\000r\000y\000\040\000T\000e\000s\000t\000i\000n\000g}{section.6.4}% 129
\BOOKMARK [1][-]{section.6.5}{\376\377\0006\000.\0005\000\040\000L\000a\000y\000e\000r\000\040\0004\000:\000\040\000M\000a\000n\000u\000a\000l\000\040\000A\000c\000c\000e\000p\000t\000a\000n\000c\000e\000\040\000T\000e\000s\000t\000i\000n\000g}{chapter.6}% 130
\BOOKMARK [2][-]{subsection.6.5.1}{\376\377\0006\000.\0005\000.\0001\000\040\000A\000u\000t\000h\000e\000n\000t\000i\000c\000a\000t\000i\000o\000n\000\040\000T\000e\000s\000t\000\040\000C\000a\000s\000e\000s}{section.6.5}% 131
\BOOKMARK [2][-]{subsection.6.5.2}{\376\377\0006\000.\0005\000.\0002\000\040\000S\000t\000u\000d\000e\000n\000t\000\040\000A\000f\000f\000a\000i\000r\000s\000\040\000T\000e\000s\000t\000\040\000C\000a\000s\000e\000s}{section.6.5}% 132
\BOOKMARK [1][-]{section.6.6}{\376\377\0006\000.\0006\000\040\000L\000a\000y\000e\000r\000\040\0005\000:\000\040\000I\000n\000f\000r\000a\000s\000t\000r\000u\000c\000t\000u\000r\000e\000\040\000a\000n\000d\000\040\000H\000e\000a\000l\000t\000h\000\040\000T\000e\000s\000t\000i\000n\000g}{chapter.6}% 133
\BOOKMARK [2][-]{subsection.6.6.1}{\376\377\0006\000.\0006\000.\0001\000\040\000D\000o\000c\000k\000e\000r\000\040\000H\000e\000a\000l\000t\000h\000c\000h\000e\000c\000k\000\040\000C\000o\000n\000f\000i\000g\000u\000r\000a\000t\000i\000o\000n}{section.6.6}% 134
\BOOKMARK [1][-]{section.6.7}{\376\377\0006\000.\0007\000\040\000T\000e\000s\000t\000\040\000C\000o\000v\000e\000r\000a\000g\000e\000\040\000S\000u\000m\000m\000a\000r\000y}{chapter.6}% 135
\BOOKMARK [0][-]{chapter.7}{\376\377\0007\000\040\000P\000e\000r\000f\000o\000r\000m\000a\000n\000c\000e\000\040\000C\000o\000n\000s\000i\000d\000e\000r\000a\000t\000i\000o\000n\000s}{}% 136
\BOOKMARK [1][-]{section.7.1}{\376\377\0007\000.\0001\000\040\000D\000a\000t\000a\000b\000a\000s\000e\000\040\000Q\000u\000e\000r\000y\000\040\000O\000p\000t\000i\000m\000i\000z\000a\000t\000i\000o\000n}{chapter.7}% 137
\BOOKMARK [2][-]{subsection.7.1.1}{\376\377\0007\000.\0001\000.\0001\000\040\000T\000h\000e\000\040\000N\000+\0001\000\040\000Q\000u\000e\000r\000y\000\040\000P\000r\000o\000b\000l\000e\000m}{section.7.1}% 138
\BOOKMARK [2][-]{subsection.7.1.2}{\376\377\0007\000.\0001\000.\0002\000\040\000s\000e\000l\000e\000c\000t\000\137\000r\000e\000l\000a\000t\000e\000d\000\040\000v\000s\000.\000\040\000p\000r\000e\000f\000e\000t\000c\000h\000\137\000r\000e\000l\000a\000t\000e\000d}{section.7.1}% 139
\BOOKMARK [2][-]{subsection.7.1.3}{\376\377\0007\000.\0001\000.\0003\000\040\000D\000a\000t\000a\000b\000a\000s\000e\000\040\000I\000n\000d\000e\000x\000i\000n\000g\000\040\000S\000t\000r\000a\000t\000e\000g\000y}{section.7.1}% 140
\BOOKMARK [1][-]{section.7.2}{\376\377\0007\000.\0002\000\040\000C\000a\000c\000h\000i\000n\000g\000\040\000S\000t\000r\000a\000t\000e\000g\000y}{chapter.7}% 141
\BOOKMARK [2][-]{subsection.7.2.1}{\376\377\0007\000.\0002\000.\0001\000\040\000S\000t\000a\000t\000i\000c\000\040\000A\000s\000s\000e\000t\000\040\000C\000a\000c\000h\000i\000n\000g\000\040\000\050\000N\000g\000i\000n\000x\000\040\000L\000a\000y\000e\000r\000\051}{section.7.2}% 142
\BOOKMARK [2][-]{subsection.7.2.2}{\376\377\0007\000.\0002\000.\0002\000\040\000W\000h\000i\000t\000e\000N\000o\000i\000s\000e\000\040\000S\000t\000a\000t\000i\000c\000\040\000F\000i\000l\000e\000\040\000C\000o\000m\000p\000r\000e\000s\000s\000i\000o\000n}{section.7.2}% 143
\BOOKMARK [2][-]{subsection.7.2.3}{\376\377\0007\000.\0002\000.\0003\000\040\000R\000e\000d\000i\000s\000\040\000S\000e\000s\000s\000i\000o\000n\000\040\000a\000n\000d\000\040\000D\000a\000t\000a\000\040\000C\000a\000c\000h\000i\000n\000g}{section.7.2}% 144
\BOOKMARK [1][-]{section.7.3}{\376\377\0007\000.\0003\000\040\000P\000a\000g\000i\000n\000a\000t\000i\000o\000n\000\040\000a\000n\000d\000\040\000L\000a\000z\000y\000\040\000L\000o\000a\000d\000i\000n\000g}{chapter.7}% 145
\BOOKMARK [2][-]{subsection.7.3.1}{\376\377\0007\000.\0003\000.\0001\000\040\000P\000a\000g\000i\000n\000a\000t\000i\000o\000n\000\040\000S\000t\000r\000a\000t\000e\000g\000y}{section.7.3}% 146
\BOOKMARK [2][-]{subsection.7.3.2}{\376\377\0007\000.\0003\000.\0002\000\040\000L\000a\000z\000y\000\040\000L\000o\000a\000d\000i\000n\000g\040\024\000F\000r\000o\000n\000t\000e\000n\000d\000\040\000O\000p\000t\000i\000m\000i\000z\000a\000t\000i\000o\000n}{section.7.3}% 147
\BOOKMARK [2][-]{subsection.7.3.3}{\376\377\0007\000.\0003\000.\0003\000\040\000C\000l\000a\000s\000s\000\040\000D\000i\000a\000g\000r\000a\000m\000:\000\040\000D\000j\000a\000n\000g\000o\000\040\000O\000R\000M\000\040\000O\000p\000t\000i\000m\000i\000z\000a\000t\000i\000o\000n\000\040\000H\000i\000e\000r\000a\000r\000c\000h\000y}{section.7.3}% 148
\BOOKMARK [1][-]{section.7.4}{\376\377\0007\000.\0004\000\040\000B\000u\000l\000k\000\040\000O\000p\000e\000r\000a\000t\000i\000o\000n\000\040\000O\000p\000t\000i\000m\000i\000z\000a\000t\000i\000o\000n}{chapter.7}% 149
\BOOKMARK [2][-]{subsection.7.4.1}{\376\377\0007\000.\0004\000.\0001\000\040\000E\000x\000c\000e\000l\000-\000B\000a\000s\000e\000d\000\040\000B\000u\000l\000k\000\040\000U\000p\000l\000o\000a\000d\000\040\000O\000p\000t\000i\000m\000i\000z\000a\000t\000i\000o\000n}{section.7.4}% 150
\BOOKMARK [1][-]{section.7.5}{\376\377\0007\000.\0005\000\040\000A\000p\000p\000l\000i\000c\000a\000t\000i\000o\000n\000\040\000S\000e\000r\000v\000e\000r\000\040\000O\000p\000t\000i\000m\000i\000z\000a\000t\000i\000o\000n}{chapter.7}% 151
\BOOKMARK [2][-]{subsection.7.5.1}{\376\377\0007\000.\0005\000.\0001\000\040\000G\000u\000n\000i\000c\000o\000r\000n\000\040\000W\000o\000r\000k\000e\000r\000\040\000C\000o\000n\000f\000i\000g\000u\000r\000a\000t\000i\000o\000n}{section.7.5}% 152
\BOOKMARK [2][-]{subsection.7.5.2}{\376\377\0007\000.\0005\000.\0002\000\040\000N\000g\000i\000n\000x\000\040\000R\000e\000v\000e\000r\000s\000e\000\040\000P\000r\000o\000x\000y\000\040\000P\000e\000r\000f\000o\000r\000m\000a\000n\000c\000e}{section.7.5}% 153
\BOOKMARK [2][-]{subsection.7.5.3}{\376\377\0007\000.\0005\000.\0003\000\040\000D\000a\000t\000a\000b\000a\000s\000e\000\040\000C\000o\000n\000n\000e\000c\000t\000i\000o\000n\000\040\000P\000o\000o\000l\000i\000n\000g}{section.7.5}% 154
\BOOKMARK [1][-]{section.7.6}{\376\377\0007\000.\0006\000\040\000F\000r\000o\000n\000t\000e\000n\000d\000\040\000P\000e\000r\000f\000o\000r\000m\000a\000n\000c\000e}{chapter.7}% 155
\BOOKMARK [2][-]{subsection.7.6.1}{\376\377\0007\000.\0006\000.\0001\000\040\000V\000i\000t\000e\000\040\000B\000u\000i\000l\000d\000\040\000O\000p\000t\000i\000m\000i\000z\000a\000t\000i\000o\000n}{section.7.6}% 156
\BOOKMARK [2][-]{subsection.7.6.2}{\376\377\0007\000.\0006\000.\0002\000\040\000M\000a\000t\000e\000r\000i\000a\000l\000\040\000U\000I\000\040\000T\000r\000e\000e\000\040\000S\000h\000a\000k\000i\000n\000g}{section.7.6}% 157
\BOOKMARK [2][-]{subsection.7.6.3}{\376\377\0007\000.\0006\000.\0003\000\040\000T\000h\000e\000m\000e\000\040\000P\000e\000r\000s\000i\000s\000t\000e\000n\000c\000e}{section.7.6}% 158
\BOOKMARK [0][-]{chapter.8}{\376\377\0008\000\040\000R\000e\000s\000u\000l\000t\000s\000\040\000a\000n\000d\000\040\000E\000v\000a\000l\000u\000a\000t\000i\000o\000n}{}% 159
\BOOKMARK [1][-]{section.8.1}{\376\377\0008\000.\0001\000\040\000S\000y\000s\000t\000e\000m\000\040\000S\000c\000r\000e\000e\000n\000s\000h\000o\000t\000s\000:\000\040\000C\000r\000i\000t\000i\000c\000a\000l\000\040\000F\000e\000a\000t\000u\000r\000e\000s}{chapter.8}% 160
\BOOKMARK [2][-]{subsection.8.1.1}{\376\377\0008\000.\0001\000.\0001\000\040\000A\000u\000t\000h\000e\000n\000t\000i\000c\000a\000t\000i\000o\000n\000\040\000F\000l\000o\000w}{section.8.1}% 161
\BOOKMARK [2][-]{subsection.8.1.2}{\376\377\0008\000.\0001\000.\0002\000\040\000A\000d\000m\000i\000n\000\040\000D\000a\000s\000h\000b\000o\000a\000r\000d}{section.8.1}% 162
\BOOKMARK [2][-]{subsection.8.1.3}{\376\377\0008\000.\0001\000.\0003\000\040\000S\000t\000u\000d\000e\000n\000t\000\040\000A\000f\000f\000a\000i\000r\000s\000:\000\040\000B\000u\000l\000k\000\040\000E\000x\000c\000e\000l\000\040\000U\000p\000l\000o\000a\000d}{section.8.1}% 163
\BOOKMARK [2][-]{subsection.8.1.4}{\376\377\0008\000.\0001\000.\0004\000\040\000D\000o\000c\000t\000o\000r\000\040\000D\000a\000s\000h\000b\000o\000a\000r\000d\000:\000\040\000B\000u\000l\000k\000\040\000A\000t\000t\000e\000n\000d\000a\000n\000c\000e}{section.8.1}% 164
\BOOKMARK [2][-]{subsection.8.1.5}{\376\377\0008\000.\0001\000.\0005\000\040\000S\000t\000u\000d\000e\000n\000t\000\040\000P\000o\000r\000t\000a\000l\000:\000\040\000C\000o\000u\000r\000s\000e\000\040\000A\000c\000c\000e\000s\000s}{section.8.1}% 165
\BOOKMARK [2][-]{subsection.8.1.6}{\376\377\0008\000.\0001\000.\0006\000\040\000Q\000u\000i\000z\000\040\000S\000y\000s\000t\000e\000m}{section.8.1}% 166
\BOOKMARK [1][-]{section.8.2}{\376\377\0008\000.\0002\000\040\000B\000e\000f\000o\000r\000e\000\040\000v\000s\000.\000\040\000A\000f\000t\000e\000r\000:\000\040\000W\000o\000r\000k\000f\000l\000o\000w\000\040\000T\000r\000a\000n\000s\000f\000o\000r\000m\000a\000t\000i\000o\000n}{chapter.8}% 167
\BOOKMARK [2][-]{subsection.8.2.1}{\376\377\0008\000.\0002\000.\0001\000\040\000A\000c\000t\000i\000v\000i\000t\000y\000\040\000D\000i\000a\000g\000r\000a\000m\000:\000\040\000M\000a\000n\000u\000a\000l\000\040\000v\000s\000.\000\040\000D\000i\000g\000i\000t\000a\000l\000\040\000P\000r\000o\000c\000e\000s\000s}{section.8.2}% 168
\BOOKMARK [2][-]{subsection.8.2.2}{\376\377\0008\000.\0002\000.\0002\000\040\000A\000d\000m\000i\000n\000i\000s\000t\000r\000a\000t\000i\000v\000e\000\040\000W\000o\000r\000k\000f\000l\000o\000w\000\040\000C\000o\000m\000p\000a\000r\000i\000s\000o\000n}{section.8.2}% 169
\BOOKMARK [2][-]{subsection.8.2.3}{\376\377\0008\000.\0002\000.\0003\000\040\000D\000a\000t\000a\000\040\000I\000n\000t\000e\000g\000r\000i\000t\000y\000\040\000C\000o\000m\000p\000a\000r\000i\000s\000o\000n}{section.8.2}% 170
\BOOKMARK [2][-]{subsection.8.2.4}{\376\377\0008\000.\0002\000.\0004\000\040\000Q\000u\000a\000n\000t\000i\000t\000a\000t\000i\000v\000e\000\040\000I\000m\000p\000a\000c\000t\000\040\000S\000u\000m\000m\000a\000r\000y}{section.8.2}% 171
\BOOKMARK [1][-]{section.8.3}{\376\377\0008\000.\0003\000\040\000S\000y\000s\000t\000e\000m\000\040\000M\000e\000t\000r\000i\000c\000s}{chapter.8}% 172
\BOOKMARK [2][-]{subsection.8.3.1}{\376\377\0008\000.\0003\000.\0001\000\040\000D\000a\000t\000a\000\040\000V\000o\000l\000u\000m\000e\000\040\000C\000a\000p\000a\000c\000i\000t\000y}{section.8.3}% 173
\BOOKMARK [2][-]{subsection.8.3.2}{\376\377\0008\000.\0003\000.\0002\000\040\000C\000o\000n\000t\000a\000i\000n\000e\000r\000\040\000R\000e\000s\000o\000u\000r\000c\000e\000\040\000U\000s\000a\000g\000e}{section.8.3}% 174
\BOOKMARK [0][-]{chapter.9}{\376\377\0009\000\040\000L\000i\000m\000i\000t\000a\000t\000i\000o\000n\000s\000\040\000a\000n\000d\000\040\000F\000u\000t\000u\000r\000e\000\040\000W\000o\000r\000k}{}% 175
\BOOKMARK [1][-]{section.9.1}{\376\377\0009\000.\0001\000\040\000K\000n\000o\000w\000n\000\040\000L\000i\000m\000i\000t\000a\000t\000i\000o\000n\000s}{chapter.9}% 176
\BOOKMARK [2][-]{subsection.9.1.1}{\376\377\0009\000.\0001\000.\0001\000\040\000A\000r\000c\000h\000i\000t\000e\000c\000t\000u\000r\000a\000l\000\040\000L\000i\000m\000i\000t\000a\000t\000i\000o\000n\000s}{section.9.1}% 177
\BOOKMARK [2][-]{subsection.9.1.2}{\376\377\0009\000.\0001\000.\0002\000\040\000F\000e\000a\000t\000u\000r\000e\000\040\000L\000i\000m\000i\000t\000a\000t\000i\000o\000n\000s}{section.9.1}% 178
\BOOKMARK [2][-]{subsection.9.1.3}{\376\377\0009\000.\0001\000.\0003\000\040\000O\000p\000e\000r\000a\000t\000i\000o\000n\000a\000l\000\040\000L\000i\000m\000i\000t\000a\000t\000i\000o\000n\000s}{section.9.1}% 179
\BOOKMARK [1][-]{section.9.2}{\376\377\0009\000.\0002\000\040\000F\000u\000t\000u\000r\000e\000\040\000W\000o\000r\000k\000\040\000R\000o\000a\000d\000m\000a\000p}{chapter.9}% 180
\BOOKMARK [2][-]{subsection.9.2.1}{\376\377\0009\000.\0002\000.\0001\000\040\000S\000h\000o\000r\000t\000-\000T\000e\000r\000m\000\040\000I\000m\000p\000r\000o\000v\000e\000m\000e\000n\000t\000s\000\040\000\050\0001\000-\0002\000\040\000S\000p\000r\000i\000n\000t\000s\000\051}{section.9.2}% 181
\BOOKMARK [2][-]{subsection.9.2.2}{\376\377\0009\000.\0002\000.\0002\000\040\000M\000e\000d\000i\000u\000m\000-\000T\000e\000r\000m\000\040\000I\000m\000p\000r\000o\000v\000e\000m\000e\000n\000t\000s\000\040\000\050\0003\000-\0006\000\040\000S\000p\000r\000i\000n\000t\000s\000\051}{section.9.2}% 182
\BOOKMARK [2][-]{subsection.9.2.3}{\376\377\0009\000.\0002\000.\0003\000\040\000L\000o\000n\000g\000-\000T\000e\000r\000m\000\040\000V\000i\000s\000i\000o\000n\000\040\000\050\0006\000+\000\040\000S\000p\000r\000i\000n\000t\000s\000\051}{section.9.2}% 183
\BOOKMARK [2][-]{subsection.9.2.4}{\376\377\0009\000.\0002\000.\0004\000\040\000A\000r\000c\000h\000i\000t\000e\000c\000t\000u\000r\000e\000\040\000E\000v\000o\000l\000u\000t\000i\000o\000n\000\040\000P\000a\000t\000h}{section.9.2}% 184
\BOOKMARK [0][-]{chapter.10}{\376\377\0001\0000\000\040\000C\000o\000n\000c\000l\000u\000s\000i\000o\000n\000\040\000a\000n\000d\000\040\000R\000e\000f\000e\000r\000e\000n\000c\000e\000s}{}% 185
\BOOKMARK [1][-]{section.10.1}{\376\377\0001\0000\000.\0001\000\040\000C\000o\000n\000c\000l\000u\000s\000i\000o\000n}{chapter.10}% 186
\BOOKMARK [2][-]{subsection.10.1.1}{\376\377\0001\0000\000.\0001\000.\0001\000\040\000P\000r\000o\000j\000e\000c\000t\000\040\000S\000u\000m\000m\000a\000r\000y}{section.10.1}% 187
\BOOKMARK [2][-]{subsection.10.1.2}{\376\377\0001\0000\000.\0001\000.\0002\000\040\000P\000r\000o\000b\000l\000e\000m\000s\000\040\000S\000o\000l\000v\000e\000d}{section.10.1}% 188
\BOOKMARK [2][-]{subsection.10.1.3}{\376\377\0001\0000\000.\0001\000.\0003\000\040\000E\000n\000g\000i\000n\000e\000e\000r\000i\000n\000g\000\040\000A\000c\000h\000i\000e\000v\000e\000m\000e\000n\000t\000s}{section.10.1}% 189
\BOOKMARK [2][-]{subsection.10.1.4}{\376\377\0001\0000\000.\0001\000.\0004\000\040\000T\000e\000c\000h\000n\000i\000c\000a\000l\000\040\000G\000r\000o\000w\000t\000h}{section.10.1}% 190
\BOOKMARK [2][-]{subsection.10.1.5}{\376\377\0001\0000\000.\0001\000.\0005\000\040\000F\000i\000n\000a\000l\000\040\000S\000t\000a\000t\000e\000m\000e\000n\000t}{section.10.1}% 191
\BOOKMARK [1][-]{section.10.2}{\376\377\0001\0000\000.\0002\000\040\000R\000e\000f\000e\000r\000e\000n\000c\000e\000s}{chapter.10}% 192
